3/27/2016 12:10:58 PM	This log contains information about the import schema operation into project 'de-db' on computer 'IMMADIMTIAZ' by user 'emad'.
3/27/2016 12:10:58 PM	Import of database schema has started.
3/27/2016 12:11:05 PM	Gathering database options
3/27/2016 12:11:05 PM	Gathering users
3/27/2016 12:11:05 PM	Gathering roles
3/27/2016 12:11:05 PM	Gathering application roles
3/27/2016 12:11:05 PM	Gathering role memberships
3/27/2016 12:11:05 PM	Gathering filegroups
3/27/2016 12:11:05 PM	Gathering full-text catalogs
3/27/2016 12:11:05 PM	Gathering assemblies
3/27/2016 12:11:05 PM	Gathering certificates
3/27/2016 12:11:05 PM	Gathering asymmetric keys
3/27/2016 12:11:05 PM	Gathering symmetric keys
3/27/2016 12:11:05 PM	Gathering encrypted symmetric keys
3/27/2016 12:11:05 PM	Gathering schemas
3/27/2016 12:11:05 PM	Gathering XML schema collections
3/27/2016 12:11:05 PM	Gathering user-defined data types
3/27/2016 12:11:05 PM	Gathering user-defined types
3/27/2016 12:11:05 PM	Gathering table types
3/27/2016 12:11:05 PM	Gathering unique keys for table types
3/27/2016 12:11:05 PM	Gathering primary keys for table types
3/27/2016 12:11:05 PM	Gathering check constraints for table types
3/27/2016 12:11:05 PM	Gathering default constraints for table types
3/27/2016 12:11:05 PM	Gathering partition functions
3/27/2016 12:11:05 PM	Gathering partition schemes
3/27/2016 12:11:05 PM	Gathering functions
3/27/2016 12:11:05 PM	Gathering encrypted functions
3/27/2016 12:11:07 PM	Gathering aggregates
3/27/2016 12:11:07 PM	Gathering procedures
3/27/2016 12:11:08 PM	Gathering encrypted procedures
3/27/2016 12:11:08 PM	Gathering tables
3/27/2016 12:11:08 PM	Gathering primary keys
3/27/2016 12:11:08 PM	Gathering unique constraints
3/27/2016 12:11:09 PM	Gathering foreign keys
3/27/2016 12:11:09 PM	Gathering default constraints
3/27/2016 12:11:09 PM	Gathering check constraints
3/27/2016 12:11:09 PM	Gathering views
3/27/2016 12:11:09 PM	Gathering encrypted views
3/27/2016 12:11:09 PM	Gathering indexes
3/27/2016 12:11:09 PM	Gathering statistics
3/27/2016 12:11:09 PM	Gathering full-text index stoplists
3/27/2016 12:11:09 PM	Gathering search property lists
3/27/2016 12:11:09 PM	Gathering search properties
3/27/2016 12:11:09 PM	Gathering full-text indexes
3/27/2016 12:11:09 PM	Gathering column store indexes
3/27/2016 12:11:09 PM	Gathering spatial indexes
3/27/2016 12:11:09 PM	Gathering XML indexes
3/27/2016 12:11:09 PM	Gathering encrypted triggers
3/27/2016 12:11:09 PM	Gathering triggers
3/27/2016 12:11:09 PM	Gathering encrypted and clr ddl triggers
3/27/2016 12:11:09 PM	Gathering ddl triggers
3/27/2016 12:11:09 PM	Gathering synonyms
3/27/2016 12:11:09 PM	Gathering defaults
3/27/2016 12:11:09 PM	Gathering data constraint uddt bindings
3/27/2016 12:11:09 PM	Gathering rules
3/27/2016 12:11:09 PM	Gathering data constraint uddt bindings
3/27/2016 12:11:09 PM	Gathering message types
3/27/2016 12:11:09 PM	Gathering queues
3/27/2016 12:11:09 PM	Gathering contracts
3/27/2016 12:11:09 PM	Gathering services
3/27/2016 12:11:09 PM	Gathering event notifications
3/27/2016 12:11:09 PM	Gathering remote service bindings
3/27/2016 12:11:09 PM	Gathering broker priorities
3/27/2016 12:11:09 PM	Gathering signatures
3/27/2016 12:11:09 PM	Gathering data compression options
3/27/2016 12:11:09 PM	Gathering sequence types
3/27/2016 12:11:09 PM	Gathering extended properties
3/27/2016 12:11:09 PM	Gathering credentials
3/27/2016 12:11:09 PM	Gathering logins
3/27/2016 12:11:09 PM	Gathering server audits
3/27/2016 12:11:10 PM	Scanning project for duplicate elements
3/27/2016 12:11:10 PM	Finished duplicate element processing
3/27/2016 12:11:13 PM	Finished importing database.
3/27/2016 12:11:13 PM	A summary of the import was saved to the following location: G:\DoniEnterprises\de-server\de-db\Import Schema Logs\de-db_20160327071058.log
3/27/2016 12:11:13 PM	Click Finish to continue...
